# JRE version: OpenJDK Runtime Environment (8.0_152-b01) (build 1.8.0_152-release-1343-b01)
# Java VM: OpenJDK 64-Bit Server VM (25.152-b01 mixed mode windows-amd64 compressed oops)
Heap:
 PSYoungGen      total 237056K, used 44241K [0x00000000e0000000, 0x00000000f0780000, 0x0000000100000000)
  eden space 218624K, 13% used [0x00000000e0000000,0x00000000e1d16420,0x00000000ed580000)
  from space 18432K, 78% used [0x00000000ee800000,0x00000000ef61e230,0x00000000efa00000)
  to   space 18944K, 0% used [0x00000000ed580000,0x00000000ed580000,0x00000000ee800000)
 ParOldGen       total 125440K, used 47658K [0x00000000a0000000, 0x00000000a7a80000, 0x00000000e0000000)
  object space 125440K, 37% used [0x00000000a0000000,0x00000000a2e8a8e0,0x00000000a7a80000)
 Metaspace       used 81577K, capacity 85050K, committed 85144K, reserved 1122304K
  class space    used 10723K, capacity 11376K, committed 11432K, reserved 1048576K
GC Heap History (10 events):
Event: 17.697 GC heap before
{Heap before GC invocations=13 (full 2):
 PSYoungGen      total 164352K, used 131995K [0x00000000e0000000, 0x00000000eb700000, 0x0000000100000000)
  eden space 152576K, 78% used [0x00000000e0000000,0x00000000e756a838,0x00000000e9500000)
  from space 11776K, 99% used [0x00000000eab80000,0x00000000eb6fc480,0x00000000eb700000)
  to   space 13824K, 0% used [0x00000000e9c00000,0x00000000e9c00000,0x00000000ea980000)
 ParOldGen       total 81408K, used 19485K [0x00000000a0000000, 0x00000000a4f80000, 0x00000000e0000000)
  object space 81408K, 23% used [0x00000000a0000000,0x00000000a1307428,0x00000000a4f80000)
 Metaspace       used 57615K, capacity 59006K, committed 59160K, reserved 1099776K
  class space    used 7797K, capacity 8130K, committed 8232K, reserved 1048576K
Event: 17.749 GC heap after
Heap after GC invocations=13 (full 2):
 PSYoungGen      total 173568K, used 13180K [0x00000000e0000000, 0x00000000ee600000, 0x0000000100000000)
  eden space 159744K, 0% used [0x00000000e0000000,0x00000000e0000000,0x00000000e9c00000)
  from space 13824K, 95% used [0x00000000e9c00000,0x00000000ea8df3a0,0x00000000ea980000)
  to   space 15360K, 0% used [0x00000000ed700000,0x00000000ed700000,0x00000000ee600000)
 ParOldGen       total 81408K, used 26780K [0x00000000a0000000, 0x00000000a4f80000, 0x00000000e0000000)
  object space 81408K, 32% used [0x00000000a0000000,0x00000000a1a27280,0x00000000a4f80000)
 Metaspace       used 57615K, capacity 59006K, committed 59160K, reserved 1099776K
  class space    used 7797K, capacity 8130K, committed 8232K, reserved 1048576K
}
Event: 17.749 GC heap before
{Heap before GC invocations=14 (full 3):
 PSYoungGen      total 173568K, used 13180K [0x00000000e0000000, 0x00000000ee600000, 0x0000000100000000)
  eden space 159744K, 0% used [0x00000000e0000000,0x00000000e0000000,0x00000000e9c00000)
  from space 13824K, 95% used [0x00000000e9c00000,0x00000000ea8df3a0,0x00000000ea980000)
  to   space 15360K, 0% used [0x00000000ed700000,0x00000000ed700000,0x00000000ee600000)
 ParOldGen       total 81408K, used 26780K [0x00000000a0000000, 0x00000000a4f80000, 0x00000000e0000000)
  object space 81408K, 32% used [0x00000000a0000000,0x00000000a1a27280,0x00000000a4f80000)
 Metaspace       used 57615K, capacity 59006K, committed 59160K, reserved 1099776K
  class space    used 7797K, capacity 8130K, committed 8232K, reserved 1048576K
Event: 18.077 GC heap after
Heap after GC invocations=14 (full 3):
 PSYoungGen      total 173568K, used 0K [0x00000000e0000000, 0x00000000ee600000, 0x0000000100000000)
  eden space 159744K, 0% used [0x00000000e0000000,0x00000000e0000000,0x00000000e9c00000)
  from space 13824K, 0% used [0x00000000e9c00000,0x00000000e9c00000,0x00000000ea980000)
  to   space 15360K, 0% used [0x00000000ed700000,0x00000000ed700000,0x00000000ee600000)
 ParOldGen       total 125440K, used 33842K [0x00000000a0000000, 0x00000000a7a80000, 0x00000000e0000000)
  object space 125440K, 26% used [0x00000000a0000000,0x00000000a210c860,0x00000000a7a80000)
 Metaspace       used 57615K, capacity 59006K, committed 59160K, reserved 1099776K
  class space    used 7797K, capacity 8130K, committed 8232K, reserved 1048576K
}
Event: 21.401 GC heap before
{Heap before GC invocations=15 (full 3):
 PSYoungGen      total 173568K, used 159744K [0x00000000e0000000, 0x00000000ee600000, 0x0000000100000000)
  eden space 159744K, 100% used [0x00000000e0000000,0x00000000e9c00000,0x00000000e9c00000)
  from space 13824K, 0% used [0x00000000e9c00000,0x00000000e9c00000,0x00000000ea980000)
  to   space 15360K, 0% used [0x00000000ed700000,0x00000000ed700000,0x00000000ee600000)
 ParOldGen       total 125440K, used 33842K [0x00000000a0000000, 0x00000000a7a80000, 0x00000000e0000000)
  object space 125440K, 26% used [0x00000000a0000000,0x00000000a210c860,0x00000000a7a80000)
 Metaspace       used 62747K, capacity 64652K, committed 64792K, reserved 1105920K
  class space    used 8473K, capacity 8919K, committed 9000K, reserved 1048576K
Event: 21.420 GC heap after
Heap after GC invocations=15 (full 3):
 PSYoungGen      total 200192K, used 10556K [0x00000000e0000000, 0x00000000ee180000, 0x0000000100000000)
  eden space 189440K, 0% used [0x00000000e0000000,0x00000000e0000000,0x00000000eb900000)
  from space 10752K, 98% used [0x00000000ed700000,0x00000000ee14f0a8,0x00000000ee180000)
  to   space 15360K, 0% used [0x00000000ec380000,0x00000000ec380000,0x00000000ed280000)
 ParOldGen       total 125440K, used 33850K [0x00000000a0000000, 0x00000000a7a80000, 0x00000000e0000000)
  object space 125440K, 26% used [0x00000000a0000000,0x00000000a210e860,0x00000000a7a80000)
 Metaspace       used 62747K, capacity 64652K, committed 64792K, reserved 1105920K
  class space    used 8473K, capacity 8919K, committed 9000K, reserved 1048576K
}
Event: 34.995 GC heap before
{Heap before GC invocations=16 (full 3):
 PSYoungGen      total 200192K, used 199996K [0x00000000e0000000, 0x00000000ee180000, 0x0000000100000000)
  eden space 189440K, 100% used [0x00000000e0000000,0x00000000eb900000,0x00000000eb900000)
  from space 10752K, 98% used [0x00000000ed700000,0x00000000ee14f0a8,0x00000000ee180000)
  to   space 15360K, 0% used [0x00000000ec380000,0x00000000ec380000,0x00000000ed280000)
 ParOldGen       total 125440K, used 33850K [0x00000000a0000000, 0x00000000a7a80000, 0x00000000e0000000)
  object space 125440K, 26% used [0x00000000a0000000,0x00000000a210e860,0x00000000a7a80000)
 Metaspace       used 70966K, capacity 72986K, committed 73112K, reserved 1112064K
  class space    used 9361K, capacity 9836K, committed 9896K, reserved 1048576K
Event: 35.040 GC heap after
Heap after GC invocations=16 (full 3):
 PSYoungGen      total 215552K, used 15333K [0x00000000e0000000, 0x00000000efa00000, 0x0000000100000000)
  eden space 200192K, 0% used [0x00000000e0000000,0x00000000e0000000,0x00000000ec380000)
  from space 15360K, 99% used [0x00000000ec380000,0x00000000ed2795c8,0x00000000ed280000)
  to   space 18432K, 0% used [0x00000000ee800000,0x00000000ee800000,0x00000000efa00000)
 ParOldGen       total 125440K, used 36508K [0x00000000a0000000, 0x00000000a7a80000, 0x00000000e0000000)
  object space 125440K, 29% used [0x00000000a0000000,0x00000000a23a7058,0x00000000a7a80000)
 Metaspace       used 70966K, capacity 72986K, committed 73112K, reserved 1112064K
  class space    used 9361K, capacity 9836K, committed 9896K, reserved 1048576K
}
Event: 38.988 GC heap before
{Heap before GC invocations=17 (full 3):
 PSYoungGen      total 215552K, used 215525K [0x00000000e0000000, 0x00000000efa00000, 0x0000000100000000)
  eden space 200192K, 100% used [0x00000000e0000000,0x00000000ec380000,0x00000000ec380000)
  from space 15360K, 99% used [0x00000000ec380000,0x00000000ed2795c8,0x00000000ed280000)
  to   space 18432K, 0% used [0x00000000ee800000,0x00000000ee800000,0x00000000efa00000)
 ParOldGen       total 125440K, used 36508K [0x00000000a0000000, 0x00000000a7a80000, 0x00000000e0000000)
  object space 125440K, 29% used [0x00000000a0000000,0x00000000a23a7058,0x00000000a7a80000)
 Metaspace       used 81484K, capacity 84980K, committed 85144K, reserved 1122304K
  class space    used 10723K, capacity 11375K, committed 11432K, reserved 1048576K
Event: 39.041 GC heap after
Heap after GC invocations=17 (full 3):
 PSYoungGen      total 237056K, used 14456K [0x00000000e0000000, 0x00000000f0780000, 0x0000000100000000)
  eden space 218624K, 0% used [0x00000000e0000000,0x00000000e0000000,0x00000000ed580000)
  from space 18432K, 78% used [0x00000000ee800000,0x00000000ef61e230,0x00000000efa00000)
  to   space 18944K, 0% used [0x00000000ed580000,0x00000000ed580000,0x00000000ee800000)
 ParOldGen       total 125440K, used 47658K [0x00000000a0000000, 0x00000000a7a80000, 0x00000000e0000000)
  object space 125440K, 37% used [0x00000000a0000000,0x00000000a2e8a8e0,0x00000000a7a80000)
 Metaspace       used 81484K, capacity 84980K, committed 85144K, reserved 1122304K
  class space    used 10723K, capacity 11375K, committed 11432K, reserved 1048576K
}

